Fecha: 2019-12-17 18:33:25
Archivo: C:\xampp1\htdocs\admiRichards\model\AccesoBD.class.php
Linea: 8
Mensaje: No se pudo conectar al Servidor No se puede establecer una conexión ya que el equipo de destino denegó expresamente dicha conexión.


Fecha: 2019-12-17 18:33:29
Archivo: C:\xampp1\htdocs\admiRichards\model\AccesoBD.class.php
Linea: 8
Mensaje: No se pudo conectar al Servidor No se puede establecer una conexión ya que el equipo de destino denegó expresamente dicha conexión.


Fecha: 2019-12-17 18:33:33
Archivo: C:\xampp1\htdocs\admiRichards\model\AccesoBD.class.php
Linea: 8
Mensaje: No se pudo conectar al Servidor No se puede establecer una conexión ya que el equipo de destino denegó expresamente dicha conexión.


Fecha: 2019-12-20 00:15:04
Archivo: C:\xampp1\htdocs\admiRichards\model\AccesoBD.class.php
Linea: 8
Mensaje: No se pudo conectar al Servidor No se puede establecer una conexión ya que el equipo de destino denegó expresamente dicha conexión.


Fecha: 2019-12-20 00:15:16
Archivo: C:\xampp1\htdocs\admiRichards\model\AccesoBD.class.php
Linea: 8
Mensaje: No se pudo conectar al Servidor No se puede establecer una conexión ya que el equipo de destino denegó expresamente dicha conexión.


Fecha: 2020-01-03 17:52:39
Archivo: C:\xampp1\htdocs\admiRichards\model\AccesoBD.class.php
Linea: 24
Mensaje: Error en la consulta Unknown column 'correo' in 'where clause'

Fecha: 2020-01-03 17:52:39
Archivo: C:\xampp1\htdocs\admiRichards\model\AccesoBD.class.php
Linea: 24
Mensaje: SELECT * FROM productos where correo = '5'

Fecha: 2020-06-18 00:32:18
Archivo: G:\software\XAMPP\htdocs\egipcioAdmin\model\AccesoBD.class.php
Linea: 24
Mensaje: Error en la consulta You have an error in your SQL syntax; check the manual that corresponds to your MariaDB server version for the right syntax to use near 'ORDER BY nombre ASC' at line 1

Fecha: 2020-06-18 00:32:18
Archivo: G:\software\XAMPP\htdocs\egipcioAdmin\model\AccesoBD.class.php
Linea: 24
Mensaje: SELECT * FROM ingredientes where ORDER BY nombre ASC

Fecha: 2020-06-18 00:32:24
Archivo: G:\software\XAMPP\htdocs\egipcioAdmin\model\AccesoBD.class.php
Linea: 24
Mensaje: Error en la consulta You have an error in your SQL syntax; check the manual that corresponds to your MariaDB server version for the right syntax to use near 'ORDER BY nombre ASC' at line 1

Fecha: 2020-06-18 00:32:24
Archivo: G:\software\XAMPP\htdocs\egipcioAdmin\model\AccesoBD.class.php
Linea: 24
Mensaje: SELECT * FROM ingredientes where ORDER BY nombre ASC

Fecha: 2020-06-18 00:32:25
Archivo: G:\software\XAMPP\htdocs\egipcioAdmin\model\AccesoBD.class.php
Linea: 24
Mensaje: Error en la consulta You have an error in your SQL syntax; check the manual that corresponds to your MariaDB server version for the right syntax to use near 'ORDER BY nombre ASC' at line 1

Fecha: 2020-06-18 00:32:25
Archivo: G:\software\XAMPP\htdocs\egipcioAdmin\model\AccesoBD.class.php
Linea: 24
Mensaje: SELECT * FROM ingredientes where ORDER BY nombre ASC

Fecha: 2020-06-18 00:32:25
Archivo: G:\software\XAMPP\htdocs\egipcioAdmin\model\AccesoBD.class.php
Linea: 24
Mensaje: Error en la consulta You have an error in your SQL syntax; check the manual that corresponds to your MariaDB server version for the right syntax to use near 'ORDER BY nombre ASC' at line 1

Fecha: 2020-06-18 00:32:25
Archivo: G:\software\XAMPP\htdocs\egipcioAdmin\model\AccesoBD.class.php
Linea: 24
Mensaje: SELECT * FROM ingredientes where ORDER BY nombre ASC

Fecha: 2020-06-18 00:32:39
Archivo: G:\software\XAMPP\htdocs\egipcioAdmin\model\AccesoBD.class.php
Linea: 24
Mensaje: Error en la consulta You have an error in your SQL syntax; check the manual that corresponds to your MariaDB server version for the right syntax to use near 'ORDER BY nombre ASC' at line 1

Fecha: 2020-06-18 00:32:39
Archivo: G:\software\XAMPP\htdocs\egipcioAdmin\model\AccesoBD.class.php
Linea: 24
Mensaje: SELECT * FROM ingredientes where ORDER BY nombre ASC

Fecha: 2020-06-18 00:33:11
Archivo: G:\software\XAMPP\htdocs\egipcioAdmin\model\AccesoBD.class.php
Linea: 24
Mensaje: Error en la consulta You have an error in your SQL syntax; check the manual that corresponds to your MariaDB server version for the right syntax to use near 'ORDER BY ingrediente.nombre ASC' at line 1

Fecha: 2020-06-18 00:33:11
Archivo: G:\software\XAMPP\htdocs\egipcioAdmin\model\AccesoBD.class.php
Linea: 24
Mensaje: SELECT * FROM ingrediente where ORDER BY ingrediente.nombre ASC

Fecha: 2021-04-19 19:34:50
Archivo: /home1/elegipcio/operaciones.elegipcio.pe/model/AccesoBD.class.php
Linea: 8
Mensaje: No se pudo conectar al Servidor Can't connect to local MySQL server through socket '/var/lib/mysql/mysql.sock' (2)

Fecha: 2021-04-19 19:34:52
Archivo: /home1/elegipcio/operaciones.elegipcio.pe/model/AccesoBD.class.php
Linea: 8
Mensaje: No se pudo conectar al Servidor Can't connect to local MySQL server through socket '/var/lib/mysql/mysql.sock' (2)

Fecha: 2022-06-09 19:59:03
Archivo: /home1/elegipcio/operaciones.elegipcio.pe/model/AccesoBD.class.php
Linea: 24
Mensaje: Error en la consulta Unknown column 'cantidadTotal' in 'field list'

Fecha: 2022-06-09 19:59:03
Archivo: /home1/elegipcio/operaciones.elegipcio.pe/model/AccesoBD.class.php
Linea: 24
Mensaje: SELECT cupon, descuento, cantidadTotal FROM tienda where idTienda = '1'

Fecha: 2022-06-09 19:59:13
Archivo: /home1/elegipcio/operaciones.elegipcio.pe/model/AccesoBD.class.php
Linea: 24
Mensaje: Error en la consulta Unknown column 'cantidadTotal' in 'field list'

Fecha: 2022-06-09 19:59:13
Archivo: /home1/elegipcio/operaciones.elegipcio.pe/model/AccesoBD.class.php
Linea: 24
Mensaje: SELECT cupon, descuento, cantidadTotal FROM tienda where idTienda = '1'

Fecha: 2022-06-09 19:59:14
Archivo: /home1/elegipcio/operaciones.elegipcio.pe/model/AccesoBD.class.php
Linea: 24
Mensaje: Error en la consulta Unknown column 'cantidadTotal' in 'field list'

Fecha: 2022-06-09 19:59:14
Archivo: /home1/elegipcio/operaciones.elegipcio.pe/model/AccesoBD.class.php
Linea: 24
Mensaje: SELECT cupon, descuento, cantidadTotal FROM tienda where idTienda = '1'

Fecha: 2022-06-09 19:59:40
Archivo: /home1/elegipcio/operaciones.elegipcio.pe/model/AccesoBD.class.php
Linea: 24
Mensaje: Error en la consulta Unknown column 'cantidadTotal' in 'field list'

Fecha: 2022-06-09 19:59:40
Archivo: /home1/elegipcio/operaciones.elegipcio.pe/model/AccesoBD.class.php
Linea: 24
Mensaje: SELECT cupon, descuento, cantidadTotal FROM tienda where idTienda = '1'

Fecha: 2022-08-31 14:53:33
Archivo: /home1/elegipcio/operaciones.elegipcio.pe/model/AccesoBD.class.php
Linea: 24
Mensaje: Error en la consulta Unknown column 'descuento_dos' in 'field list'

Fecha: 2022-08-31 14:53:33
Archivo: /home1/elegipcio/operaciones.elegipcio.pe/model/AccesoBD.class.php
Linea: 24
Mensaje: SELECT cupon, descuento, cantidadTotal, cupon_dos, descuento_dos, cantidadTotal_dos FROM tienda

Fecha: 2022-08-31 14:53:39
Archivo: /home1/elegipcio/operaciones.elegipcio.pe/model/AccesoBD.class.php
Linea: 24
Mensaje: Error en la consulta Unknown column 'descuento_dos' in 'field list'

Fecha: 2022-08-31 14:53:39
Archivo: /home1/elegipcio/operaciones.elegipcio.pe/model/AccesoBD.class.php
Linea: 24
Mensaje: SELECT cupon, descuento, cantidadTotal, cupon_dos, descuento_dos, cantidadTotal_dos FROM tienda

Fecha: 2022-08-31 15:04:58
Archivo: /home1/elegipcio/operaciones.elegipcio.pe/model/AccesoBD.class.php
Linea: 24
Mensaje: Error en la consulta Unknown column 'descuento_dos' in 'field list'

Fecha: 2022-08-31 15:04:58
Archivo: /home1/elegipcio/operaciones.elegipcio.pe/model/AccesoBD.class.php
Linea: 24
Mensaje: SELECT cupon, descuento, cantidadTotal, cupon_dos, descuento_dos, cantidadTotal_dos FROM tienda

Fecha: 2022-08-31 15:06:42
Archivo: /home1/elegipcio/operaciones.elegipcio.pe/model/AccesoBD.class.php
Linea: 24
Mensaje: Error en la consulta Unknown column 'descuento_dos' in 'field list'

Fecha: 2022-08-31 15:06:42
Archivo: /home1/elegipcio/operaciones.elegipcio.pe/model/AccesoBD.class.php
Linea: 24
Mensaje: SELECT cupon, descuento, cantidadTotal, cupon_dos, descuento_dos, cantidadTotal_dos FROM tienda

Fecha: 2022-08-31 15:08:38
Archivo: /home1/elegipcio/operaciones.elegipcio.pe/model/AccesoBD.class.php
Linea: 24
Mensaje: Error en la consulta Unknown column 'descuento_dos' in 'field list'

Fecha: 2022-08-31 15:08:38
Archivo: /home1/elegipcio/operaciones.elegipcio.pe/model/AccesoBD.class.php
Linea: 24
Mensaje: SELECT cupon, descuento, cantidadTotal, cupon_dos, descuento_dos, cantidadTotal_dos FROM tienda

Fecha: 2022-08-31 15:08:56
Archivo: /home1/elegipcio/operaciones.elegipcio.pe/model/AccesoBD.class.php
Linea: 24
Mensaje: Error en la consulta Unknown column 'descuento_dos' in 'field list'

Fecha: 2022-08-31 15:08:56
Archivo: /home1/elegipcio/operaciones.elegipcio.pe/model/AccesoBD.class.php
Linea: 24
Mensaje: SELECT cupon, descuento, cantidadTotal, cupon_dos, descuento_dos, cantidadTotal_dos FROM tienda

